mode: set
github.com/varunv/gpu/mq/http_queue.go:23.46,28.2 1 1
github.com/varunv/gpu/mq/http_queue.go:39.69,47.16 3 1
github.com/varunv/gpu/mq/http_queue.go:47.16,49.3 1 0
github.com/varunv/gpu/mq/http_queue.go:51.2,52.16 2 1
github.com/varunv/gpu/mq/http_queue.go:52.16,54.3 1 0
github.com/varunv/gpu/mq/http_queue.go:55.2,58.16 3 1
github.com/varunv/gpu/mq/http_queue.go:58.16,60.3 1 0
github.com/varunv/gpu/mq/http_queue.go:61.2,63.40 2 1
github.com/varunv/gpu/mq/http_queue.go:63.40,65.3 1 0
github.com/varunv/gpu/mq/http_queue.go:66.2,66.30 1 1
github.com/varunv/gpu/mq/http_queue.go:66.30,68.3 1 1
github.com/varunv/gpu/mq/http_queue.go:69.2,69.12 1 1
github.com/varunv/gpu/mq/http_queue.go:73.67,75.16 2 1
github.com/varunv/gpu/mq/http_queue.go:75.16,77.3 1 0
github.com/varunv/gpu/mq/http_queue.go:79.2,80.16 2 1
github.com/varunv/gpu/mq/http_queue.go:80.16,82.3 1 0
github.com/varunv/gpu/mq/http_queue.go:83.2,85.40 2 1
github.com/varunv/gpu/mq/http_queue.go:85.40,87.3 1 1
github.com/varunv/gpu/mq/http_queue.go:88.2,88.30 1 1
github.com/varunv/gpu/mq/http_queue.go:88.30,90.3 1 0
github.com/varunv/gpu/mq/http_queue.go:92.2,93.63 2 1
github.com/varunv/gpu/mq/http_queue.go:93.63,95.3 1 1
github.com/varunv/gpu/mq/http_queue.go:97.2,98.23 2 1
github.com/varunv/gpu/mq/http_queue.go:98.23,99.71 1 0
github.com/varunv/gpu/mq/http_queue.go:99.71,101.4 1 0
github.com/varunv/gpu/mq/http_queue.go:104.2,110.8 1 1
github.com/varunv/gpu/mq/http_queue.go:115.30,115.31 0 1
github.com/varunv/gpu/mq/http_queue.go:121.63,122.14 1 1
github.com/varunv/gpu/mq/http_queue.go:122.14,124.3 1 0
github.com/varunv/gpu/mq/http_queue.go:126.2,127.16 2 1
github.com/varunv/gpu/mq/http_queue.go:127.16,129.3 1 0
github.com/varunv/gpu/mq/http_queue.go:131.2,132.16 2 1
github.com/varunv/gpu/mq/http_queue.go:132.16,134.3 1 0
github.com/varunv/gpu/mq/http_queue.go:135.2,138.16 3 1
github.com/varunv/gpu/mq/http_queue.go:138.16,140.3 1 0
github.com/varunv/gpu/mq/http_queue.go:141.2,143.40 2 1
github.com/varunv/gpu/mq/http_queue.go:143.40,145.3 1 1
github.com/varunv/gpu/mq/http_queue.go:146.2,146.30 1 1
github.com/varunv/gpu/mq/http_queue.go:146.30,148.3 1 0
github.com/varunv/gpu/mq/http_queue.go:150.2,150.12 1 1
github.com/varunv/gpu/mq/queue.go:85.52,86.19 1 1
github.com/varunv/gpu/mq/queue.go:86.19,88.3 1 0
github.com/varunv/gpu/mq/queue.go:89.2,94.10 3 1
github.com/varunv/gpu/mq/queue.go:98.73,102.14 3 1
github.com/varunv/gpu/mq/queue.go:102.14,104.3 1 1
github.com/varunv/gpu/mq/queue.go:107.2,107.44 1 1
github.com/varunv/gpu/mq/queue.go:107.44,108.48 1 1
github.com/varunv/gpu/mq/queue.go:108.48,110.4 1 1
github.com/varunv/gpu/mq/queue.go:113.2,113.14 1 1
github.com/varunv/gpu/mq/queue.go:113.14,115.3 1 0
github.com/varunv/gpu/mq/queue.go:117.2,117.27 1 1
github.com/varunv/gpu/mq/queue.go:117.27,119.3 1 1
github.com/varunv/gpu/mq/queue.go:121.2,124.12 3 1
github.com/varunv/gpu/mq/queue.go:128.71,132.35 3 1
github.com/varunv/gpu/mq/queue.go:132.35,133.48 1 1
github.com/varunv/gpu/mq/queue.go:133.48,135.4 1 1
github.com/varunv/gpu/mq/queue.go:138.2,138.33 1 1
github.com/varunv/gpu/mq/queue.go:138.33,140.3 1 1
github.com/varunv/gpu/mq/queue.go:142.2,150.17 5 1
github.com/varunv/gpu/mq/queue.go:154.33,157.14 3 1
github.com/varunv/gpu/mq/queue.go:157.14,159.3 1 0
github.com/varunv/gpu/mq/queue.go:160.2,161.24 2 1
github.com/varunv/gpu/mq/queue.go:166.68,167.22 1 1
github.com/varunv/gpu/mq/queue.go:167.22,169.3 1 1
github.com/varunv/gpu/mq/queue.go:171.2,172.12 2 1
github.com/varunv/gpu/mq/queue.go:172.12,175.3 2 1
github.com/varunv/gpu/mq/queue.go:177.2,177.9 1 1
github.com/varunv/gpu/mq/queue.go:178.20,182.19 3 0
github.com/varunv/gpu/mq/queue.go:183.14,184.13 1 1
